<?xml version="1.0" encoding="UTF-8"?>
<testsuite xmlns:xsi="http://www.w3.org/2001/XMLSchema-instance" xsi:noNamespaceSchemaLocation="https://maven.apache.org/surefire/maven-surefire-plugin/xsd/surefire-test-report.xsd" name="com.shiftedtech.spreeTest.GridTestScript" time="29.066" tests="2" errors="0" skipped="0" failures="0">
  <properties>
[...]
</properties>
  <testcase name="validTest" classname="com.shiftedtech.spreeTest.GridTestScript" time="29.066"/>
  <testcase name="invalidTest" classname="com.shiftedtech.spreeTest.GridTestScript" time="28.733"/>
</testsuite>